<?xml version="1.0" encoding="UTF-8"?>
<!-- Generated by org.testng.reporters.JUnitXMLReporter -->
<testsuite hostname="LAPTOP-CP5FO7GE" name="OrangeHRM_Login" tests="3" failures="1" timestamp="8 Oct 2017 16:33:20 GMT" time="27.736" errors="0">
  <testcase name="loginWithValidCredentials" time="7.12" classname="testClasses.LoginPageTest"/>
  <testcase name="openVacancies" time="8.102" classname="testClasses.RecruitmentPageTest"/>
  <testcase name="addNewVacancy" time="1.474" classname="testClasses.RecruitmentPageTest">
    <failure type="java.lang.AssertionError" message="expected [10] but found []">
      <![CDATA[java.lang.AssertionError: expected [10] but found []
	at testClasses.RecruitmentPageTest.addNewVacancy(RecruitmentPageTest.java:44)
... Removed 29 stack frames]]>
    </failure>
  </testcase> <!-- addNewVacancy -->
</testsuite> <!-- OrangeHRM_Login -->
