<?xml version="1.0" encoding="UTF-8"?>
<testng-results skipped="0" failed="0" total="2" passed="2">
  <reporter-output>
  </reporter-output>
  <suite name="Test" duration-ms="13216" started-at="2017-10-07T12:46:43Z" finished-at="2017-10-07T12:46:57Z">
    <groups>
    </groups>
    <test name="OrangeHRM_Login" duration-ms="13216" started-at="2017-10-07T12:46:43Z" finished-at="2017-10-07T12:46:57Z">
      <class name="testClasses.RecruitmentPageTest">
        <test-method status="PASS" signature="openBrowser()[pri:0, instance:testClasses.RecruitmentPageTest@51081592]" name="openBrowser" is-config="true" duration-ms="6986" started-at="2017-10-07T18:16:43Z" finished-at="2017-10-07T18:16:50Z">
          <reporter-output>
          </reporter-output>
        </test-method> <!-- openBrowser -->
        <test-method status="PASS" signature="openVacancies()[pri:0, instance:testClasses.RecruitmentPageTest@51081592]" name="openVacancies" duration-ms="2156" started-at="2017-10-07T18:16:54Z" finished-at="2017-10-07T18:16:56Z">
          <reporter-output>
          </reporter-output>
        </test-method> <!-- openVacancies -->
        <test-method status="PASS" signature="closeBrowser()[pri:0, instance:testClasses.RecruitmentPageTest@51081592]" name="closeBrowser" is-config="true" duration-ms="753" started-at="2017-10-07T18:16:56Z" finished-at="2017-10-07T18:16:57Z">
          <reporter-output>
          </reporter-output>
        </test-method> <!-- closeBrowser -->
      </class> <!-- testClasses.RecruitmentPageTest -->
      <class name="testClasses.LoginPageTest">
        <test-method status="PASS" signature="loginWithValidCredentials(java.lang.String, java.lang.String)[pri:0, instance:testClasses.LoginPageTest@482f8f11]" name="loginWithValidCredentials" duration-ms="3301" started-at="2017-10-07T18:16:50Z" data-provider="Login Authentication" finished-at="2017-10-07T18:16:54Z">
          <params>
            <param index="0">
              <value>
                <![CDATA[Admin]]>
              </value>
            </param>
            <param index="1">
              <value>
                <![CDATA[admin]]>
              </value>
            </param>
          </params>
          <reporter-output>
          </reporter-output>
        </test-method> <!-- loginWithValidCredentials -->
      </class> <!-- testClasses.LoginPageTest -->
    </test> <!-- OrangeHRM_Login -->
  </suite> <!-- Test -->
</testng-results>
