<?xml version="1.0" encoding="UTF-8"?>
<testng-results skipped="0" failed="0" total="4" passed="4">
  <reporter-output>
  </reporter-output>
  <suite name="Test" duration-ms="25323" started-at="2017-10-09T12:53:09Z" finished-at="2017-10-09T12:53:35Z">
    <groups>
    </groups>
    <test name="OrangeHRM_Login" duration-ms="25323" started-at="2017-10-09T12:53:09Z" finished-at="2017-10-09T12:53:35Z">
      <class name="testClasses.LoginPageTest">
        <test-method status="PASS" signature="loginWithValidCredentials(java.lang.String, java.lang.String)[pri:0, instance:testClasses.LoginPageTest@51565ec2]" name="loginWithValidCredentials" duration-ms="2533" started-at="2017-10-09T18:23:19Z" data-provider="Login Authentication" finished-at="2017-10-09T18:23:22Z">
          <params>
            <param index="0">
              <value>
                <![CDATA[Admin]]>
              </value>
            </param>
            <param index="1">
              <value>
                <![CDATA[admin]]>
              </value>
            </param>
          </params>
          <reporter-output>
          </reporter-output>
        </test-method> <!-- loginWithValidCredentials -->
      </class> <!-- testClasses.LoginPageTest -->
      <class name="testClasses.RecruitmentPageTest">
        <test-method status="PASS" signature="openBrowser()[pri:0, instance:testClasses.RecruitmentPageTest@396a51ab]" name="openBrowser" is-config="true" duration-ms="9768" started-at="2017-10-09T18:23:09Z" finished-at="2017-10-09T18:23:19Z">
          <reporter-output>
          </reporter-output>
        </test-method> <!-- openBrowser -->
        <test-method status="PASS" signature="openVacancies()[pri:0, instance:testClasses.RecruitmentPageTest@396a51ab]" name="openVacancies" duration-ms="4583" started-at="2017-10-09T18:23:22Z" finished-at="2017-10-09T18:23:26Z">
          <reporter-output>
          </reporter-output>
        </test-method> <!-- openVacancies -->
        <test-method status="PASS" signature="addNewVacancy(java.lang.String, java.lang.String, java.lang.String, java.lang.String)[pri:0, instance:testClasses.RecruitmentPageTest@396a51ab]" name="addNewVacancy" duration-ms="6752" started-at="2017-10-09T18:23:26Z" data-provider="Vacancy Info" finished-at="2017-10-09T18:23:33Z">
          <params>
            <param index="0">
              <value>
                <![CDATA[Assistant CEO]]>
              </value>
            </param>
            <param index="1">
              <value>
                <![CDATA[Linda Anderson]]>
              </value>
            </param>
            <param index="2">
              <value>
                <![CDATA[10]]>
              </value>
            </param>
            <param index="3">
              <value>
                <![CDATA[Description added]]>
              </value>
            </param>
          </params>
          <reporter-output>
          </reporter-output>
        </test-method> <!-- addNewVacancy -->
        <test-method status="PASS" signature="newVacancyData()[pri:0, instance:testClasses.RecruitmentPageTest@396a51ab]" name="newVacancyData" duration-ms="1092" started-at="2017-10-09T18:23:33Z" finished-at="2017-10-09T18:23:34Z">
          <reporter-output>
          </reporter-output>
        </test-method> <!-- newVacancyData -->
        <test-method status="PASS" signature="closeBrowser()[pri:0, instance:testClasses.RecruitmentPageTest@396a51ab]" name="closeBrowser" is-config="true" duration-ms="567" started-at="2017-10-09T18:23:34Z" finished-at="2017-10-09T18:23:35Z">
          <reporter-output>
          </reporter-output>
        </test-method> <!-- closeBrowser -->
      </class> <!-- testClasses.RecruitmentPageTest -->
    </test> <!-- OrangeHRM_Login -->
  </suite> <!-- Test -->
</testng-results>
